{"C:\\Users\\Poliana Gomes\\Downloads\\StartDB2024 (1)\\src\\recintos-zoo.js": {"path":"C:\\Users\\Poliana Gomes\\Downloads\\StartDB2024 (1)\\src\\recintos-zoo.js","all":false,"statementMap":{"0":{"start":{"line":1,"column":0},"end":{"line":1,"column":19}},"1":{"start":{"line":2,"column":0},"end":{"line":2,"column":19}},"2":{"start":{"line":3,"column":0},"end":{"line":3,"column":25}},"3":{"start":{"line":4,"column":0},"end":{"line":4,"column":105}},"4":{"start":{"line":5,"column":0},"end":{"line":5,"column":70}},"5":{"start":{"line":6,"column":0},"end":{"line":6,"column":110}},"6":{"start":{"line":7,"column":0},"end":{"line":7,"column":65}},"7":{"start":{"line":8,"column":0},"end":{"line":8,"column":101}},"8":{"start":{"line":9,"column":0},"end":{"line":9,"column":10}},"9":{"start":{"line":10,"column":0},"end":{"line":10,"column":8}},"10":{"start":{"line":11,"column":0},"end":{"line":11,"column":34}},"11":{"start":{"line":12,"column":0},"end":{"line":12,"column":53}},"12":{"start":{"line":13,"column":0},"end":{"line":13,"column":57}},"13":{"start":{"line":14,"column":0},"end":{"line":14,"column":55}},"14":{"start":{"line":15,"column":0},"end":{"line":15,"column":67}},"15":{"start":{"line":16,"column":0},"end":{"line":16,"column":55}},"16":{"start":{"line":17,"column":0},"end":{"line":17,"column":65}},"17":{"start":{"line":18,"column":0},"end":{"line":18,"column":10}},"18":{"start":{"line":19,"column":0},"end":{"line":19,"column":5}},"19":{"start":{"line":20,"column":0},"end":{"line":20,"column":0}},"20":{"start":{"line":21,"column":0},"end":{"line":21,"column":41}},"21":{"start":{"line":22,"column":0},"end":{"line":22,"column":46}},"22":{"start":{"line":23,"column":0},"end":{"line":23,"column":70}},"23":{"start":{"line":24,"column":0},"end":{"line":24,"column":9}},"24":{"start":{"line":25,"column":0},"end":{"line":25,"column":63}},"25":{"start":{"line":26,"column":0},"end":{"line":26,"column":74}},"26":{"start":{"line":27,"column":0},"end":{"line":27,"column":9}},"27":{"start":{"line":28,"column":0},"end":{"line":28,"column":0}},"28":{"start":{"line":29,"column":0},"end":{"line":29,"column":100}},"29":{"start":{"line":30,"column":0},"end":{"line":30,"column":33}},"30":{"start":{"line":31,"column":0},"end":{"line":31,"column":0}},"31":{"start":{"line":32,"column":0},"end":{"line":32,"column":46}},"32":{"start":{"line":33,"column":0},"end":{"line":33,"column":64}},"33":{"start":{"line":34,"column":0},"end":{"line":34,"column":0}},"34":{"start":{"line":35,"column":0},"end":{"line":35,"column":52}},"35":{"start":{"line":36,"column":0},"end":{"line":36,"column":25}},"36":{"start":{"line":37,"column":0},"end":{"line":37,"column":13}},"37":{"start":{"line":38,"column":0},"end":{"line":38,"column":0}},"38":{"start":{"line":39,"column":0},"end":{"line":39,"column":84}},"39":{"start":{"line":40,"column":0},"end":{"line":40,"column":79}},"40":{"start":{"line":41,"column":0},"end":{"line":41,"column":57}},"41":{"start":{"line":42,"column":0},"end":{"line":42,"column":18}},"42":{"start":{"line":43,"column":0},"end":{"line":43,"column":0}},"43":{"start":{"line":44,"column":0},"end":{"line":44,"column":98}},"44":{"start":{"line":45,"column":0},"end":{"line":45,"column":25}},"45":{"start":{"line":46,"column":0},"end":{"line":46,"column":13}},"46":{"start":{"line":47,"column":0},"end":{"line":47,"column":0}},"47":{"start":{"line":48,"column":0},"end":{"line":48,"column":92}},"48":{"start":{"line":49,"column":0},"end":{"line":49,"column":25}},"49":{"start":{"line":50,"column":0},"end":{"line":50,"column":13}},"50":{"start":{"line":51,"column":0},"end":{"line":51,"column":0}},"51":{"start":{"line":52,"column":0},"end":{"line":52,"column":82}},"52":{"start":{"line":53,"column":0},"end":{"line":53,"column":25}},"53":{"start":{"line":54,"column":0},"end":{"line":54,"column":13}},"54":{"start":{"line":55,"column":0},"end":{"line":55,"column":0}},"55":{"start":{"line":56,"column":0},"end":{"line":56,"column":62}},"56":{"start":{"line":57,"column":0},"end":{"line":57,"column":70}},"57":{"start":{"line":58,"column":0},"end":{"line":58,"column":81}},"58":{"start":{"line":59,"column":0},"end":{"line":59,"column":13}},"59":{"start":{"line":60,"column":0},"end":{"line":60,"column":0}},"60":{"start":{"line":61,"column":0},"end":{"line":61,"column":61}},"61":{"start":{"line":62,"column":0},"end":{"line":62,"column":55}},"62":{"start":{"line":63,"column":0},"end":{"line":63,"column":108}},"63":{"start":{"line":64,"column":0},"end":{"line":64,"column":13}},"64":{"start":{"line":65,"column":0},"end":{"line":65,"column":9}},"65":{"start":{"line":66,"column":0},"end":{"line":66,"column":0}},"66":{"start":{"line":67,"column":0},"end":{"line":67,"column":122}},"67":{"start":{"line":68,"column":0},"end":{"line":68,"column":60}},"68":{"start":{"line":69,"column":0},"end":{"line":69,"column":0}},"69":{"start":{"line":70,"column":0},"end":{"line":70,"column":41}},"70":{"start":{"line":71,"column":0},"end":{"line":71,"column":61}},"71":{"start":{"line":72,"column":0},"end":{"line":72,"column":108}},"72":{"start":{"line":73,"column":0},"end":{"line":73,"column":14}},"73":{"start":{"line":74,"column":0},"end":{"line":74,"column":63}},"74":{"start":{"line":75,"column":0},"end":{"line":75,"column":16}},"75":{"start":{"line":76,"column":0},"end":{"line":76,"column":76}},"76":{"start":{"line":77,"column":0},"end":{"line":77,"column":9}},"77":{"start":{"line":78,"column":0},"end":{"line":78,"column":5}},"78":{"start":{"line":79,"column":0},"end":{"line":79,"column":0}},"79":{"start":{"line":80,"column":0},"end":{"line":80,"column":25}},"80":{"start":{"line":81,"column":0},"end":{"line":81,"column":66}},"81":{"start":{"line":82,"column":0},"end":{"line":82,"column":5}},"82":{"start":{"line":83,"column":0},"end":{"line":83,"column":1}},"83":{"start":{"line":84,"column":0},"end":{"line":84,"column":0}},"84":{"start":{"line":85,"column":0},"end":{"line":85,"column":38}}},"s":{"0":1,"1":1,"2":5,"3":5,"4":5,"5":5,"6":5,"7":5,"8":5,"9":5,"10":5,"11":5,"12":5,"13":5,"14":5,"15":5,"16":5,"17":5,"18":5,"19":1,"20":1,"21":5,"22":1,"23":1,"24":5,"25":1,"26":1,"27":3,"28":3,"29":3,"30":3,"31":5,"32":15,"33":15,"34":15,"35":8,"36":8,"37":7,"38":7,"39":4,"40":4,"41":7,"42":7,"43":15,"44":0,"45":0,"46":7,"47":15,"48":0,"49":0,"50":7,"51":15,"52":0,"53":0,"54":7,"55":7,"56":15,"57":2,"58":2,"59":7,"60":7,"61":15,"62":4,"63":4,"64":15,"65":3,"66":3,"67":3,"68":3,"69":5,"70":2,"71":4,"72":2,"73":2,"74":5,"75":1,"76":1,"77":5,"78":1,"79":1,"80":7,"81":7,"82":1,"83":1,"84":1},"branchMap":{"0":{"type":"branch","line":2,"loc":{"start":{"line":2,"column":4},"end":{"line":19,"column":5}},"locations":[{"start":{"line":2,"column":4},"end":{"line":19,"column":5}}]},"1":{"type":"branch","line":21,"loc":{"start":{"line":21,"column":4},"end":{"line":78,"column":5}},"locations":[{"start":{"line":21,"column":4},"end":{"line":78,"column":5}}]},"2":{"type":"branch","line":22,"loc":{"start":{"line":22,"column":45},"end":{"line":24,"column":9}},"locations":[{"start":{"line":22,"column":45},"end":{"line":24,"column":9}}]},"3":{"type":"branch","line":24,"loc":{"start":{"line":24,"column":8},"end":{"line":25,"column":31}},"locations":[{"start":{"line":24,"column":8},"end":{"line":25,"column":31}}]},"4":{"type":"branch","line":25,"loc":{"start":{"line":25,"column":27},"end":{"line":25,"column":60}},"locations":[{"start":{"line":25,"column":27},"end":{"line":25,"column":60}}]},"5":{"type":"branch","line":25,"loc":{"start":{"line":25,"column":62},"end":{"line":27,"column":9}},"locations":[{"start":{"line":25,"column":62},"end":{"line":27,"column":9}}]},"6":{"type":"branch","line":27,"loc":{"start":{"line":27,"column":8},"end":{"line":32,"column":45}},"locations":[{"start":{"line":27,"column":8},"end":{"line":32,"column":45}}]},"7":{"type":"branch","line":32,"loc":{"start":{"line":32,"column":45},"end":{"line":65,"column":9}},"locations":[{"start":{"line":32,"column":45},"end":{"line":65,"column":9}}]},"8":{"type":"branch","line":35,"loc":{"start":{"line":35,"column":51},"end":{"line":37,"column":13}},"locations":[{"start":{"line":35,"column":51},"end":{"line":37,"column":13}}]},"9":{"type":"branch","line":37,"loc":{"start":{"line":37,"column":12},"end":{"line":44,"column":44}},"locations":[{"start":{"line":37,"column":12},"end":{"line":44,"column":44}}]},"10":{"type":"branch","line":44,"loc":{"start":{"line":44,"column":40},"end":{"line":44,"column":62}},"locations":[{"start":{"line":44,"column":40},"end":{"line":44,"column":62}}]},"11":{"type":"branch","line":44,"loc":{"start":{"line":44,"column":62},"end":{"line":44,"column":95}},"locations":[{"start":{"line":44,"column":62},"end":{"line":44,"column":95}}]},"12":{"type":"branch","line":44,"loc":{"start":{"line":44,"column":97},"end":{"line":46,"column":13}},"locations":[{"start":{"line":44,"column":97},"end":{"line":46,"column":13}}]},"13":{"type":"branch","line":46,"loc":{"start":{"line":46,"column":12},"end":{"line":48,"column":43}},"locations":[{"start":{"line":46,"column":12},"end":{"line":48,"column":43}}]},"14":{"type":"branch","line":48,"loc":{"start":{"line":48,"column":39},"end":{"line":48,"column":61}},"locations":[{"start":{"line":48,"column":39},"end":{"line":48,"column":61}}]},"15":{"type":"branch","line":48,"loc":{"start":{"line":48,"column":61},"end":{"line":48,"column":89}},"locations":[{"start":{"line":48,"column":61},"end":{"line":48,"column":89}}]},"16":{"type":"branch","line":48,"loc":{"start":{"line":48,"column":91},"end":{"line":50,"column":13}},"locations":[{"start":{"line":48,"column":91},"end":{"line":50,"column":13}}]},"17":{"type":"branch","line":50,"loc":{"start":{"line":50,"column":12},"end":{"line":52,"column":39}},"locations":[{"start":{"line":50,"column":12},"end":{"line":52,"column":39}}]},"18":{"type":"branch","line":52,"loc":{"start":{"line":52,"column":35},"end":{"line":52,"column":55}},"locations":[{"start":{"line":52,"column":35},"end":{"line":52,"column":55}}]},"19":{"type":"branch","line":52,"loc":{"start":{"line":52,"column":55},"end":{"line":52,"column":79}},"locations":[{"start":{"line":52,"column":55},"end":{"line":52,"column":79}}]},"20":{"type":"branch","line":52,"loc":{"start":{"line":52,"column":81},"end":{"line":54,"column":13}},"locations":[{"start":{"line":52,"column":81},"end":{"line":54,"column":13}}]},"21":{"type":"branch","line":54,"loc":{"start":{"line":54,"column":12},"end":{"line":57,"column":38}},"locations":[{"start":{"line":54,"column":12},"end":{"line":57,"column":38}}]},"22":{"type":"branch","line":57,"loc":{"start":{"line":57,"column":34},"end":{"line":57,"column":67}},"locations":[{"start":{"line":57,"column":34},"end":{"line":57,"column":67}}]},"23":{"type":"branch","line":57,"loc":{"start":{"line":57,"column":69},"end":{"line":59,"column":13}},"locations":[{"start":{"line":57,"column":69},"end":{"line":59,"column":13}}]},"24":{"type":"branch","line":59,"loc":{"start":{"line":59,"column":12},"end":{"line":62,"column":54}},"locations":[{"start":{"line":59,"column":12},"end":{"line":62,"column":54}}]},"25":{"type":"branch","line":62,"loc":{"start":{"line":62,"column":54},"end":{"line":64,"column":13}},"locations":[{"start":{"line":62,"column":54},"end":{"line":64,"column":13}}]},"26":{"type":"branch","line":65,"loc":{"start":{"line":65,"column":8},"end":{"line":70,"column":40}},"locations":[{"start":{"line":65,"column":8},"end":{"line":70,"column":40}}]},"27":{"type":"branch","line":70,"loc":{"start":{"line":70,"column":40},"end":{"line":75,"column":9}},"locations":[{"start":{"line":70,"column":40},"end":{"line":75,"column":9}}]},"28":{"type":"branch","line":75,"loc":{"start":{"line":75,"column":9},"end":{"line":77,"column":9}},"locations":[{"start":{"line":75,"column":9},"end":{"line":77,"column":9}}]},"29":{"type":"branch","line":39,"loc":{"start":{"line":39,"column":49},"end":{"line":42,"column":13}},"locations":[{"start":{"line":39,"column":49},"end":{"line":42,"column":13}}]},"30":{"type":"branch","line":68,"loc":{"start":{"line":68,"column":29},"end":{"line":68,"column":58}},"locations":[{"start":{"line":68,"column":29},"end":{"line":68,"column":58}}]},"31":{"type":"branch","line":71,"loc":{"start":{"line":71,"column":51},"end":{"line":72,"column":108}},"locations":[{"start":{"line":71,"column":51},"end":{"line":72,"column":108}}]},"32":{"type":"branch","line":80,"loc":{"start":{"line":80,"column":4},"end":{"line":82,"column":5}},"locations":[{"start":{"line":80,"column":4},"end":{"line":82,"column":5}}]}},"b":{"0":[5],"1":[5],"2":[1],"3":[4],"4":[3],"5":[1],"6":[3],"7":[15],"8":[8],"9":[7],"10":[1],"11":[0],"12":[0],"13":[7],"14":[0],"15":[0],"16":[0],"17":[7],"18":[6],"19":[0],"20":[0],"21":[7],"22":[4],"23":[2],"24":[7],"25":[4],"26":[3],"27":[2],"28":[1],"29":[4],"30":[2],"31":[4],"32":[7]},"fnMap":{"0":{"name":"RecintosZoo","decl":{"start":{"line":2,"column":4},"end":{"line":19,"column":5}},"loc":{"start":{"line":2,"column":4},"end":{"line":19,"column":5}},"line":2},"1":{"name":"analisaRecintos","decl":{"start":{"line":21,"column":4},"end":{"line":78,"column":5}},"loc":{"start":{"line":21,"column":4},"end":{"line":78,"column":5}},"line":21},"2":{"name":"ehCarnivoro","decl":{"start":{"line":80,"column":4},"end":{"line":82,"column":5}},"loc":{"start":{"line":80,"column":4},"end":{"line":82,"column":5}},"line":80}},"f":{"0":5,"1":5,"2":7}}
}
