TN:
SF:src\recintos-zoo.js
FN:2,RecintosZoo
FN:21,analisaRecintos
FN:80,ehCarnivoro
FNF:3
FNH:3
FNDA:5,RecintosZoo
FNDA:5,analisaRecintos
FNDA:7,ehCarnivoro
DA:1,1
DA:2,1
DA:3,5
DA:4,5
DA:5,5
DA:6,5
DA:7,5
DA:8,5
DA:9,5
DA:10,5
DA:11,5
DA:12,5
DA:13,5
DA:14,5
DA:15,5
DA:16,5
DA:17,5
DA:18,5
DA:19,5
DA:20,1
DA:21,1
DA:22,5
DA:23,1
DA:24,1
DA:25,5
DA:26,1
DA:27,1
DA:28,3
DA:29,3
DA:30,3
DA:31,3
DA:32,5
DA:33,15
DA:34,15
DA:35,15
DA:36,8
DA:37,8
DA:38,7
DA:39,7
DA:40,4
DA:41,4
DA:42,7
DA:43,7
DA:44,15
DA:45,0
DA:46,0
DA:47,7
DA:48,15
DA:49,0
DA:50,0
DA:51,7
DA:52,15
DA:53,0
DA:54,0
DA:55,7
DA:56,7
DA:57,15
DA:58,2
DA:59,2
DA:60,7
DA:61,7
DA:62,15
DA:63,4
DA:64,4
DA:65,15
DA:66,3
DA:67,3
DA:68,3
DA:69,3
DA:70,5
DA:71,2
DA:72,4
DA:73,2
DA:74,2
DA:75,5
DA:76,1
DA:77,1
DA:78,5
DA:79,1
DA:80,1
DA:81,7
DA:82,7
DA:83,1
DA:84,1
DA:85,1
LF:85
LH:79
BRDA:2,0,0,5
BRDA:21,1,0,5
BRDA:22,2,0,1
BRDA:24,3,0,4
BRDA:25,4,0,3
BRDA:25,5,0,1
BRDA:27,6,0,3
BRDA:32,7,0,15
BRDA:35,8,0,8
BRDA:37,9,0,7
BRDA:44,10,0,1
BRDA:44,11,0,0
BRDA:44,12,0,0
BRDA:46,13,0,7
BRDA:48,14,0,0
BRDA:48,15,0,0
BRDA:48,16,0,0
BRDA:50,17,0,7
BRDA:52,18,0,6
BRDA:52,19,0,0
BRDA:52,20,0,0
BRDA:54,21,0,7
BRDA:57,22,0,4
BRDA:57,23,0,2
BRDA:59,24,0,7
BRDA:62,25,0,4
BRDA:65,26,0,3
BRDA:70,27,0,2
BRDA:75,28,0,1
BRDA:39,29,0,4
BRDA:68,30,0,2
BRDA:71,31,0,4
BRDA:80,32,0,7
BRF:33
BRH:26
end_of_record
